0 info it worked if it ends with ok
1 verbose cli [ '/home/stephen/repositories/spring/samples/spring-boot-sample-filemanager/node/node',
1 verbose cli   '/home/stephen/repositories/spring/samples/spring-boot-sample-filemanager/node/npm/bin/npm-cli.js',
1 verbose cli   'install',
1 verbose cli   '--color=false' ]
2 info using npm@1.3.8
3 info using node@v6.7.0
4 error install Couldn't read dependencies
5 error Error: ENOENT: no such file or directory, open '/home/stephen/repositories/spring/samples/spring-boot-sample-filemanager/src/main/resources/static/package.json'
5 error     at Error (native)
6 error If you need help, you may report this log at:
6 error     <http://github.com/isaacs/npm/issues>
6 error or email it to:
6 error     <npm-@googlegroups.com>
7 error System Linux 4.4.0-45-generic
8 error command "/home/stephen/repositories/spring/samples/spring-boot-sample-filemanager/node/node" "/home/stephen/repositories/spring/samples/spring-boot-sample-filemanager/node/npm/bin/npm-cli.js" "install" "--color=false"
9 error cwd /home/stephen/repositories/spring/samples/spring-boot-sample-filemanager/src/main/resources/static
10 error node -v v6.7.0
11 error npm -v 1.3.8
12 error path /home/stephen/repositories/spring/samples/spring-boot-sample-filemanager/src/main/resources/static/package.json
13 error syscall open
14 error code ENOENT
15 error errno -2
16 verbose exit [ -2, true ]
